
> proyectohackathonaleph@0.1.0 build
> next build

Ôû▓ Next.js 16.2.1 (Turbopack)

  Creating an optimized production build ...
Ô£ô Compiled successfully in 4.0s
  Running TypeScript ...
  Finished TypeScript in 5.2s ...
  Collecting page data using 8 workers ...
  Generating static pages using 8 workers (0/6) ...
  Generating static pages using 8 workers (1/6) 
  Generating static pages using 8 workers (2/6) 
  Generating static pages using 8 workers (4/6) 
Ô£ô Generating static pages using 8 workers (6/6) in 4.4s
  Finalizing page optimization ...

Route (app)
Ôöî Ôùï /
Ôö£ Ôùï /_not-found
Ôö£ ãÆ /disputa/[id]
Ôö£ Ôùï /nueva
Ôöö Ôùï /test


Ôùï  (Static)   prerendered as static content
ãÆ  (Dynamic)  server-rendered on demand

